<?xml version="1.0" encoding="UTF-8"?>
<!-- Generated by org.testng.reporters.JUnitXMLReporter -->
<testsuite ignored="0" hostname="DESKTOP-K59I2FI" failures="0" tests="1" name="Test" time="3.411" errors="0" timestamp="2022-05-24T00:02:33 IST">
  <testcase classname="Com.sdet34l1.genericUtilty.BaseClass" name="@BeforeClass beforeClass1Test" time="-1.653330752803E9">
    <failure type="org.testng.TestNGException" message="
Parameter &amp;apos;browser&amp;apos; is required by BeforeClass on method beforeClass1Test but has not been marked @Optional or defined
in D:\workplace ty\work ty\SDET34L1\testng.xml">
      <![CDATA[org.testng.TestNGException: 
Parameter 'browser' is required by BeforeClass on method beforeClass1Test but has not been marked @Optional or defined
in D:\workplace ty\work ty\SDET34L1\testng.xml
at java.base/java.util.ArrayList.forEach(ArrayList.java:1511)
... Removed 22 stack frames]]>
    </failure>
  </testcase> <!-- @BeforeClass beforeClass1Test -->
  <testcase classname="Com.sdet34l1.genericUtilty.BaseClass" name="@BeforeMethod beforeMethod1Test" time="-1.653330753591E9">
    <skipped/>
  </testcase> <!-- @BeforeMethod beforeMethod1Test -->
  <testcase classname="Com.sdet34l1.genericUtilty.BaseClass" name="@AfterMethod afterMethod1Test" time="-1.653330753774E9">
    <skipped/>
  </testcase> <!-- @AfterMethod afterMethod1Test -->
  <testcase classname="Com.sdet34l1.genericUtilty.BaseClass" name="@AfterClass afterClass1Test" time="-1.653330753798E9">
    <skipped/>
  </testcase> <!-- @AfterClass afterClass1Test -->
  <testcase classname="Com.vtiger.campagnsTest.CreateCampgainsTest" name="createCampaignTest" time="0.0">
    <skipped/>
  </testcase> <!-- createCampaignTest -->
</testsuite> <!-- Test -->
