<?xml version="1.0" encoding="UTF-8"?>
<!-- Generated by org.testng.reporters.JUnitReportReporter -->
<testsuite hostname="DESKTOP-K59I2FI" failures="0" tests="2" name="Com.vtiger.documentTest.CreateDocumentFramesTest" time="-1653042944.000" errors="1" timestamp="2022-05-20T16:05:42 IST" skipped="1">
  <testcase classname="Com.vtiger.documentTest.CreateDocumentFramesTest" name="beforeClass1Test" time="-1653042944.000">
    <error message="
Parameter &#039;browser&#039; is required by BeforeClass on method beforeClass1Test but has not been marked @Optional or defined
in D:\workplace ty\work ty\SDET34L1\testngDistributedParallel.xml" type="org.testng.TestNGException">
      <![CDATA[org.testng.TestNGException: 
Parameter 'browser' is required by BeforeClass on method beforeClass1Test but has not been marked @Optional or defined
in D:\workplace ty\work ty\SDET34L1\testngDistributedParallel.xml
at org.testng.internal.Parameters.createParams(Parameters.java:270)
at org.testng.internal.Parameters.createParametersForMethod(Parameters.java:358)
at org.testng.internal.Parameters.createParameters(Parameters.java:700)
at org.testng.internal.Parameters.createConfigurationParameters(Parameters.java:168)
at org.testng.internal.ConfigInvoker.invokeConfigurations(ConfigInvoker.java:302)
at org.testng.internal.TestMethodWorker.invokeBeforeClassMethods(TestMethodWorker.java:176)
at org.testng.internal.TestMethodWorker.run(TestMethodWorker.java:122)
at java.base/java.util.concurrent.ThreadPoolExecutor.runWorker(ThreadPoolExecutor.java:1130)
at java.base/java.util.concurrent.ThreadPoolExecutor$Worker.run(ThreadPoolExecutor.java:630)
at java.base/java.lang.Thread.run(Thread.java:831)
]]>
    </error>
  </testcase> <!-- beforeClass1Test -->
  <system-out/>
  <testcase classname="Com.vtiger.documentTest.CreateDocumentFramesTest" name="createDocumentWithFrames" time="0.000">
    <skipped/>
  </testcase> <!-- createDocumentWithFrames -->
  <system-out/>
</testsuite> <!-- Com.vtiger.documentTest.CreateDocumentFramesTest -->
